2020-12-01T12:25:11+00:00 DEBUG <------------------- WebToffee PayPal Express Payment ( Setting Express Checkout ) ------------------->
stdClass Object
(
    [METHOD] => SetExpressCheckout
    [RETURNURL] => https://popoutposter.com/wc-api/Eh_PayPal_Express_Payment/?c=express_details&p=https://popoutposter.com/cart-2/
    [CANCELURL] => https://popoutposter.com/cart-2/?cancel_order=true&order=wc_order_zB8Msyy8gn9eP&order_id=8470&redirect=https%3A%2F%2Fpopoutposter.com%2Fcart-2%2F&_wpnonce=c42b519d8b&cancel_express_checkout=cancel
    [ADDROVERRIDE] => 
    [BRANDNAME] => popoutposter.com
    [HDRIMG] => 
    [LOGOIMG] => 
    [SOLUTIONTYPE] => Sole
    [CUSTOMERSERVICENUMBER] => 
    [LOCALECODE] => en_US
    [LANDINGPAGE] => Billing
    [L_PAYMENTREQUEST_0_NAME0] => Arsenal FA Cup 2020
    [L_PAYMENTREQUEST_0_DESC0] => 
    [L_PAYMENTREQUEST_0_AMT0] => 24.95
    [L_PAYMENTREQUEST_0_QTY0] => 1
    [L_PAYMENTREQUEST_0_ITEMURL0] => https://popoutposter.com/product/arsenal-fa-cup-winners-popout-poster/
    [PAYMENTREQUEST_0_AMT] => 29.95
    [PAYMENTREQUEST_0_CURRENCYCODE] => GBP
    [PAYMENTREQUEST_0_ITEMAMT] => 24.95
    [PAYMENTREQUEST_0_SHIPPINGAMT] => 5
    [PAYMENTREQUEST_0_TAXAMT] => 0
    [PAYMENTREQUEST_0_SHIPDISCAMT] => 0
    [PAYMENTREQUEST_0_PAYMENTACTION] => Sale
    [MAXAMT] => 52.95
    [PAYMENTREQUEST_0_SHIPTONAME] =>   
    [PAYMENTREQUEST_0_SHIPTOSTREET] => 
    [PAYMENTREQUEST_0_SHIPTOSTREET2] => 
    [PAYMENTREQUEST_0_SHIPTOCITY] => 
    [PAYMENTREQUEST_0_SHIPTOSTATE] => 
    [PAYMENTREQUEST_0_SHIPTOZIP] => 
    [PAYMENTREQUEST_0_SHIPTOCOUNTRYCODE] => GB
    [PAYMENTREQUEST_0_SHIPTOPHONENUM] => 
    [PAYMENTREQUEST_0_NOTETEXT] => 
    [PAYMENTREQUEST_0_EMAIL] => 
    [PAYMENTREQUEST_0_PAYMENTREQUESTID] => 8470
    [PAYMENTREQUEST_0_NOTIFYURL] => 
)

2020-12-01T12:25:12+00:00 DEBUG <------------------- WebToffee PayPal Express Payment ( Response on Express Start/Credit Start ) ------------------->
stdClass Object
(
    [TIMESTAMP] => 2020-12-01T12:25:11Z
    [CORRELATIONID] => 11ad6220370fe
    [ACK] => Failure
    [BUILD] => 55100925
    [L_ERRORCODE0] => 10002
    [L_SHORTMESSAGE0] => Authentication/Authorization Failed
    [L_LONGMESSAGE0] => You do not have permissions to make this API call
    [L_SEVERITYCODE0] => Error
)

2020-12-01T12:25:25+00:00 DEBUG <------------------- WebToffee PayPal Express Payment ( Setting Express Checkout ) ------------------->
stdClass Object
(
    [METHOD] => SetExpressCheckout
    [RETURNURL] => https://popoutposter.com/wc-api/Eh_PayPal_Express_Payment/?c=express_details&p=https://popoutposter.com/cart-2/
    [CANCELURL] => https://popoutposter.com/cart-2/?cancel_order=true&order=wc_order_2sGsN3JfJa2Xq&order_id=8471&redirect=https%3A%2F%2Fpopoutposter.com%2Fcart-2%2F&_wpnonce=c42b519d8b&cancel_express_checkout=cancel
    [ADDROVERRIDE] => 
    [BRANDNAME] => popoutposter.com
    [HDRIMG] => 
    [LOGOIMG] => 
    [SOLUTIONTYPE] => Sole
    [CUSTOMERSERVICENUMBER] => 
    [LOCALECODE] => en_US
    [LANDINGPAGE] => Billing
    [L_PAYMENTREQUEST_0_NAME0] => Arsenal FA Cup 2020
    [L_PAYMENTREQUEST_0_DESC0] => 
    [L_PAYMENTREQUEST_0_AMT0] => 24.95
    [L_PAYMENTREQUEST_0_QTY0] => 1
    [L_PAYMENTREQUEST_0_ITEMURL0] => https://popoutposter.com/product/arsenal-fa-cup-winners-popout-poster/
    [PAYMENTREQUEST_0_AMT] => 29.95
    [PAYMENTREQUEST_0_CURRENCYCODE] => GBP
    [PAYMENTREQUEST_0_ITEMAMT] => 24.95
    [PAYMENTREQUEST_0_SHIPPINGAMT] => 5
    [PAYMENTREQUEST_0_TAXAMT] => 0
    [PAYMENTREQUEST_0_SHIPDISCAMT] => 0
    [PAYMENTREQUEST_0_PAYMENTACTION] => Sale
    [MAXAMT] => 52.95
    [PAYMENTREQUEST_0_SHIPTONAME] =>   
    [PAYMENTREQUEST_0_SHIPTOSTREET] => 
    [PAYMENTREQUEST_0_SHIPTOSTREET2] => 
    [PAYMENTREQUEST_0_SHIPTOCITY] => 
    [PAYMENTREQUEST_0_SHIPTOSTATE] => 
    [PAYMENTREQUEST_0_SHIPTOZIP] => 
    [PAYMENTREQUEST_0_SHIPTOCOUNTRYCODE] => GB
    [PAYMENTREQUEST_0_SHIPTOPHONENUM] => 
    [PAYMENTREQUEST_0_NOTETEXT] => 
    [PAYMENTREQUEST_0_EMAIL] => 
    [PAYMENTREQUEST_0_PAYMENTREQUESTID] => 8471
    [PAYMENTREQUEST_0_NOTIFYURL] => 
)

2020-12-01T12:25:25+00:00 DEBUG <------------------- WebToffee PayPal Express Payment ( Response on Express Start/Credit Start ) ------------------->
stdClass Object
(
    [TIMESTAMP] => 2020-12-01T12:25:25Z
    [CORRELATIONID] => bc16bf769fb87
    [ACK] => Failure
    [BUILD] => 55100925
    [L_ERRORCODE0] => 10002
    [L_SHORTMESSAGE0] => Authentication/Authorization Failed
    [L_LONGMESSAGE0] => You do not have permissions to make this API call
    [L_SEVERITYCODE0] => Error
)

2020-12-01T14:12:40+00:00 DEBUG <------------------- WebToffee PayPal Express Payment ( Setting Express Checkout ) ------------------->
stdClass Object
(
    [METHOD] => SetExpressCheckout
    [RETURNURL] => https://popoutposter.com/wc-api/Eh_PayPal_Express_Payment/?c=express_details&p=https://popoutposter.com/cart-2/
    [CANCELURL] => https://popoutposter.com/cart-2/?cancel_order=true&order=wc_order_u1M7QYLYTYkW1&order_id=8472&redirect=https%3A%2F%2Fpopoutposter.com%2Fcart-2%2F&_wpnonce=c42b519d8b&cancel_express_checkout=cancel
    [ADDROVERRIDE] => 
    [BRANDNAME] => popoutposter.com
    [HDRIMG] => 
    [LOGOIMG] => 
    [SOLUTIONTYPE] => Sole
    [CUSTOMERSERVICENUMBER] => 
    [LOCALECODE] => en_US
    [LANDINGPAGE] => Billing
    [L_PAYMENTREQUEST_0_NAME0] => Arsenal FA Cup 2020
    [L_PAYMENTREQUEST_0_DESC0] => 
    [L_PAYMENTREQUEST_0_AMT0] => 24.95
    [L_PAYMENTREQUEST_0_QTY0] => 1
    [L_PAYMENTREQUEST_0_ITEMURL0] => https://popoutposter.com/product/arsenal-fa-cup-winners-popout-poster/
    [PAYMENTREQUEST_0_AMT] => 39.95
    [PAYMENTREQUEST_0_CURRENCYCODE] => GBP
    [PAYMENTREQUEST_0_ITEMAMT] => 24.95
    [PAYMENTREQUEST_0_SHIPPINGAMT] => 15
    [PAYMENTREQUEST_0_TAXAMT] => 0
    [PAYMENTREQUEST_0_SHIPDISCAMT] => 0
    [PAYMENTREQUEST_0_PAYMENTACTION] => Sale
    [MAXAMT] => 69.95
    [PAYMENTREQUEST_0_SHIPTONAME] =>   
    [PAYMENTREQUEST_0_SHIPTOSTREET] => 
    [PAYMENTREQUEST_0_SHIPTOSTREET2] => 
    [PAYMENTREQUEST_0_SHIPTOCITY] => 
    [PAYMENTREQUEST_0_SHIPTOSTATE] => 
    [PAYMENTREQUEST_0_SHIPTOZIP] => 
    [PAYMENTREQUEST_0_SHIPTOCOUNTRYCODE] => UA
    [PAYMENTREQUEST_0_SHIPTOPHONENUM] => 
    [PAYMENTREQUEST_0_NOTETEXT] => 
    [PAYMENTREQUEST_0_EMAIL] => 
    [PAYMENTREQUEST_0_PAYMENTREQUESTID] => 8472
    [PAYMENTREQUEST_0_NOTIFYURL] => 
)

2020-12-01T14:12:41+00:00 DEBUG <------------------- WebToffee PayPal Express Payment ( Response on Express Start/Credit Start ) ------------------->
stdClass Object
(
    [TIMESTAMP] => 2020-12-01T14:12:41Z
    [CORRELATIONID] => eebfd7af2cb18
    [ACK] => Failure
    [BUILD] => 55100925
    [L_ERRORCODE0] => 10002
    [L_SHORTMESSAGE0] => Authentication/Authorization Failed
    [L_LONGMESSAGE0] => You do not have permissions to make this API call
    [L_SEVERITYCODE0] => Error
)

